<?xml version="1.0" encoding="UTF-8"?>
<!-- Generated by org.testng.reporters.JUnitReportReporter -->
<testsuite skipped="0" hostname="DDC5-D-608P3KW" name="selen_case1.Scenario1" tests="1" failures="0" timestamp="06 Aug 2019 10:09:57 GMT" time="16.687" errors="0">
  <testcase name="f" time="16.687" classname="selen_case1.Scenario1"/>
</testsuite> <!-- selen_case1.Scenario1 -->
