<?xml version="1.0" encoding="UTF-8"?>
<!-- Generated by org.testng.reporters.JUnitReportReporter -->
<testsuite skipped="3" hostname="DDC5-D-608P3KW" name="selen_case1.OnlineShopping" tests="4" failures="0" timestamp="06 Aug 2019 10:58:07 GMT" time="46.560" errors="0">
  <testcase name="testlogin" time="46.560" classname="selen_case1.OnlineShopping"/>
  <testcase name="testCart" classname="selen_case1.OnlineShopping">
    <skipped/>
  </testcase> <!-- testCart -->
  <testcase name="testRegistration" classname="selen_case1.OnlineShopping">
    <skipped/>
  </testcase> <!-- testRegistration -->
  <testcase name="testPayment" classname="selen_case1.OnlineShopping">
    <skipped/>
  </testcase> <!-- testPayment -->
</testsuite> <!-- selen_case1.OnlineShopping -->
